  Game.cpp
c:\users\sean\desktop\anitbody test\mainproj 2 player\_testdata.h(50): warning C4005: 'SPAWN_NUM_POWER_UPS': macro redefinition
  c:\users\sean\desktop\anitbody test\mainproj 2 player\_testdata.h(21): note: see previous definition of 'SPAWN_NUM_POWER_UPS'
c:\users\sean\desktop\anitbody test\mainproj 2 player\gameobject.h(206): warning C4244: 'initializing': conversion from 'double' to 'unsigned int', possible loss of data
c:\users\sean\desktop\anitbody test\mainproj 2 player\statusbar.h(10): warning C4005: 'MAX_HEALTH': macro redefinition
  c:\users\sean\desktop\anitbody test\mainproj 2 player\gameobject.h(15): note: see previous definition of 'MAX_HEALTH'
c:\users\sean\desktop\anitbody test\mainproj 2 player\game.cpp(1379): warning C4244: 'argument': conversion from 'int' to 'float', possible loss of data
c:\users\sean\desktop\anitbody test\mainproj 2 player\game.cpp(1397): warning C4244: 'argument': conversion from 'int' to 'float', possible loss of data
c:\users\sean\desktop\anitbody test\mainproj 2 player\game.cpp(1422): warning C4244: 'argument': conversion from 'Uint32' to 'float', possible loss of data
c:\users\sean\desktop\anitbody test\mainproj 2 player\game.cpp(1423): warning C4244: 'argument': conversion from 'double' to 'float', possible loss of data
c:\users\sean\desktop\anitbody test\mainproj 2 player\game.cpp(1444): warning C4244: 'argument': conversion from 'Uint32' to 'float', possible loss of data
c:\users\sean\desktop\anitbody test\mainproj 2 player\game.cpp(1445): warning C4244: 'argument': conversion from 'double' to 'float', possible loss of data
c:\users\sean\desktop\anitbody test\mainproj 2 player\game.cpp(1556): warning C4305: 'argument': truncation from 'int' to 'bool'
c:\users\sean\desktop\anitbody test\mainproj 2 player\game.cpp(2070): warning C4244: 'argument': conversion from 'double' to 'int', possible loss of data
c:\users\sean\desktop\anitbody test\mainproj 2 player\game.cpp(2071): warning C4244: 'argument': conversion from 'double' to 'int', possible loss of data
c:\users\sean\desktop\anitbody test\mainproj 2 player\game.cpp(2074): warning C4244: 'argument': conversion from 'double' to 'int', possible loss of data
c:\users\sean\desktop\anitbody test\mainproj 2 player\game.cpp(2075): warning C4244: 'argument': conversion from 'double' to 'int', possible loss of data
c:\users\sean\desktop\anitbody test\mainproj 2 player\game.cpp(2078): warning C4244: 'argument': conversion from 'double' to 'int', possible loss of data
c:\users\sean\desktop\anitbody test\mainproj 2 player\game.cpp(2079): warning C4244: 'argument': conversion from 'double' to 'int', possible loss of data
c:\users\sean\desktop\anitbody test\mainproj 2 player\game.cpp(2082): warning C4244: 'argument': conversion from 'double' to 'int', possible loss of data
c:\users\sean\desktop\anitbody test\mainproj 2 player\game.cpp(2083): warning C4244: 'argument': conversion from 'double' to 'int', possible loss of data
c:\users\sean\desktop\anitbody test\mainproj 2 player\game.cpp(2211): warning C4305: 'argument': truncation from 'double' to 'float'
  MainProj 2 Player.vcxproj -> C:\Users\Sean\Desktop\Anitbody Test\Debug\MainProj 2 Player.exe
  MainProj 2 Player.vcxproj -> C:\Users\Sean\Desktop\Anitbody Test\Debug\MainProj 2 Player.pdb (Partial PDB)
